<?xml version="1.0" encoding="UTF-8"?>
<testng-results skipped="0" failed="0" total="1" passed="1">
  <reporter-output>
  </reporter-output>
  <suite name="managedbeans.ProductoControllerIT" duration-ms="21969" started-at="2016-12-12T16:56:30Z" finished-at="2016-12-12T16:56:52Z">
    <groups>
    </groups>
    <test name="Command line test cc0f54de-7535-489b-9fdf-2aa7495f807e" duration-ms="21969" started-at="2016-12-12T16:56:30Z" finished-at="2016-12-12T16:56:52Z">
      <class name="managedbeans.ProductoControllerIT">
        <test-method status="PASS" signature="testSimple()[pri:0, instance:testSimple(managedbeans.ProductoControllerIT)]" name="testSimple" duration-ms="21783" started-at="2016-12-12T13:56:30Z" finished-at="2016-12-12T13:56:52Z">
          <reporter-output>
          </reporter-output>
        </test-method> <!-- testSimple -->
      </class> <!-- managedbeans.ProductoControllerIT -->
    </test> <!-- Command line test cc0f54de-7535-489b-9fdf-2aa7495f807e -->
  </suite> <!-- managedbeans.ProductoControllerIT -->
</testng-results>
