<?xml version="1.0" encoding="UTF-8"?>
<!-- Generated by org.testng.reporters.JUnitXMLReporter -->
<testsuite hostname="DESKTOP-VC0GCE0" name="Command line test bb643309-3610-4eb0-92de-742ede6a2b10" tests="1" failures="0" timestamp="12 Dec 2016 16:45:07 GMT" time="53.185" errors="0">
  <testcase name="testSimple on testSimple(managedbeans.ProductoControllerIT)" time="52.776" classname="managedbeans.ProductoControllerIT"/>
</testsuite> <!-- Command line test bb643309-3610-4eb0-92de-742ede6a2b10 -->
