<?xml version="1.0" encoding="UTF-8"?>
<!-- Generated by org.testng.reporters.JUnitXMLReporter -->
<testsuite hostname="DESKTOP-VC0GCE0" name="Command line test cc0f54de-7535-489b-9fdf-2aa7495f807e" tests="1" failures="0" timestamp="12 Dec 2016 16:56:52 GMT" time="21.969" errors="0">
  <testcase name="testSimple on testSimple(managedbeans.ProductoControllerIT)" time="21.783" classname="managedbeans.ProductoControllerIT"/>
</testsuite> <!-- Command line test cc0f54de-7535-489b-9fdf-2aa7495f807e -->
