<?xml version="1.0" encoding="UTF-8"?>
<!-- Generated by org.testng.reporters.JUnitXMLReporter -->
<testsuite hostname="DESKTOP-VC0GCE0" name="Command line test d7b93044-5c6c-476a-bdb4-4aba9c6feff8" tests="1" failures="0" timestamp="12 Dec 2016 16:53:50 GMT" time="26.149" errors="0">
  <testcase name="testSimple on testSimple(managedbeans.ProductoControllerIT)" time="25.849" classname="managedbeans.ProductoControllerIT"/>
</testsuite> <!-- Command line test d7b93044-5c6c-476a-bdb4-4aba9c6feff8 -->
